<?xml version="1.0" encoding="UTF-8"?>
<!-- Generated by org.testng.reporters.JUnitXMLReporter -->
<testsuite ignored="0" hostname="DESKTOP-L1TOHQL" failures="1" tests="2" name="Test3" time="83.371" errors="0" timestamp="2022-01-12T17:22:55 GMT">
  <testcase classname="com.AmazonTestCases.AddToCartTC" name="addToCart" time="47.716"/>
  <testcase classname="com.AmazonTestCases.AddToCartTC" name="checkBrowsingHistory" time="32.234">
    <failure type="org.openqa.selenium.TimeoutException" message="Expected condition failed: waiting for title to contain &amp;quot;Amazon.in - Your Browsing History&amp;quot;. Current title: &amp;quot;&amp;quot; (tried for 30 second(s) with 500 milliseconds interval)
Build info: version: &amp;apos;4.0.0-rc-1&amp;apos;, revision: &amp;apos;bc5511cbda&amp;apos;
System info: host: &amp;apos;DESKTOP-L1TOHQL&amp;apos;, ip: &amp;apos;192.168.21.175&amp;apos;, os.name: &amp;apos;Windows 10&amp;apos;, os.arch: &amp;apos;amd64&amp;apos;, os.version: &amp;apos;10.0&amp;apos;, java.version: &amp;apos;16.0.2&amp;apos;
Driver info: org.openqa.selenium.chrome.ChromeDriver
Capabilities {acceptInsecureCerts: false, browserName: chrome, browserVersion: 94.0.4606.54, chrome: {chromedriverVersion: 94.0.4606.41 (333e85df3c9b6..., userDataDir: C:\Users\SAMEER~1\AppData\L...}, goog:chromeOptions: {debuggerAddress: localhost:56837}, javascriptEnabled: true, networkConnectionEnabled: false, pageLoadStrategy: normal, platform: WINDOWS, platformName: WINDOWS, proxy: Proxy(), se:cdp: ws://localhost:56837/devtoo..., se:cdpVersion: 94.0.4606.54, setWindowRect: true, strictFileInteractability: false, timeouts: {implicit: 0, pageLoad: 300000, script: 30000}, unhandledPromptBehavior: dismiss and notify, webauthn:extension:credBlob: true, webauthn:extension:largeBlob: true, webauthn:virtualAuthenticators: true}
Session ID: d55f94ee0d5e0e044b8117f56f61d011">
      <![CDATA[org.openqa.selenium.TimeoutException: Expected condition failed: waiting for title to contain "Amazon.in - Your Browsing History". Current title: "" (tried for 30 second(s) with 500 milliseconds interval)
Build info: version: '4.0.0-rc-1', revision: 'bc5511cbda'
System info: host: 'DESKTOP-L1TOHQL', ip: '192.168.21.175', os.name: 'Windows 10', os.arch: 'amd64', os.version: '10.0', java.version: '16.0.2'
Driver info: org.openqa.selenium.chrome.ChromeDriver
Capabilities {acceptInsecureCerts: false, browserName: chrome, browserVersion: 94.0.4606.54, chrome: {chromedriverVersion: 94.0.4606.41 (333e85df3c9b6..., userDataDir: C:\Users\SAMEER~1\AppData\L...}, goog:chromeOptions: {debuggerAddress: localhost:56837}, javascriptEnabled: true, networkConnectionEnabled: false, pageLoadStrategy: normal, platform: WINDOWS, platformName: WINDOWS, proxy: Proxy(), se:cdp: ws://localhost:56837/devtoo..., se:cdpVersion: 94.0.4606.54, setWindowRect: true, strictFileInteractability: false, timeouts: {implicit: 0, pageLoad: 300000, script: 30000}, unhandledPromptBehavior: dismiss and notify, webauthn:extension:credBlob: true, webauthn:extension:largeBlob: true, webauthn:virtualAuthenticators: true}
Session ID: d55f94ee0d5e0e044b8117f56f61d011
at org.openqa.selenium.support.ui.WebDriverWait.timeoutException(WebDriverWait.java:138)
at org.openqa.selenium.support.ui.FluentWait.until(FluentWait.java:231)
at com.amazonPageObjects.OnlineShoppingPG.yourBrowsingHistory(OnlineShoppingPG.java:84)
at com.AmazonTestCases.AddToCartTC.checkBrowsingHistory(AddToCartTC.java:32)
at java.base/java.util.ArrayList.forEach(ArrayList.java:1511)
... Removed 27 stack frames]]>
    </failure>
  </testcase> <!-- checkBrowsingHistory -->
</testsuite> <!-- Test3 -->
