<?xml version="1.0" encoding="UTF-8"?>
<!-- Generated by org.testng.reporters.JUnitXMLReporter -->
<testsuite ignored="0" hostname="DESKTOP-L1TOHQL" failures="0" tests="3" name="Test1" time="17.224" errors="0" timestamp="2021-12-27T06:56:02 GMT">
  <testcase classname="com.AmazonTestCases.AmazonLoginTC" name="validLogin" time="6.805"/>
  <testcase classname="com.AmazonTestCases.AmazonLoginTC" name="getAllLinks" time="3.973"/>
  <testcase classname="com.AmazonTestCases.AmazonLoginTC" name="logOut" time="1.556"/>
</testsuite> <!-- Test1 -->
