<?xml version="1.0" encoding="UTF-8"?>
<!-- Generated by org.testng.reporters.JUnitXMLReporter -->
<testsuite ignored="0" hostname="DESKTOP-L1TOHQL" failures="0" tests="3" name="Test2" time="14.651" errors="0" timestamp="2021-12-27T06:56:17 GMT">
  <testcase classname="com.AmazonTestCases.AccountCreationTC" name="navigateToAccountFrm" time="8.352"/>
  <testcase classname="com.AmazonTestCases.AccountCreationTC" name="validAccountcreationTC" time="1.388"/>
  <testcase classname="com.AmazonTestCases.AccountCreationTC" name="validAccountcreationTC" time="0.548"/>
</testsuite> <!-- Test2 -->
