<?xml version="1.0" encoding="UTF-8"?>
<!-- Generated by org.testng.reporters.JUnitXMLReporter -->
<testsuite ignored="0" hostname="DESKTOP-L1TOHQL" failures="0" tests="3" name="Test1" time="33.632" errors="0" timestamp="2022-01-04T05:41:18 GMT">
  <testcase classname="com.AmazonTestCases.AmazonLoginTC" name="validLogin" time="17.836"/>
  <testcase classname="com.AmazonTestCases.AmazonLoginTC" name="getAllLinks" time="4.566"/>
  <testcase classname="com.AmazonTestCases.AmazonLoginTC" name="logOut" time="1.594"/>
</testsuite> <!-- Test1 -->
