<?xml version="1.0" encoding="UTF-8"?>
<testng-results ignored="0" total="6" passed="6" failed="0" skipped="0">
  <reporter-output>
  </reporter-output>
  <suite started-at="2021-12-27T06:55:44 GMT" name="Suite" finished-at="2021-12-27T06:56:17 GMT" duration-ms="32571">
    <groups>
    </groups>
    <test started-at="2021-12-27T06:55:44 GMT" name="Test1" finished-at="2021-12-27T06:56:01 GMT" duration-ms="17224">
      <class name="com.AmazonTestCases.AmazonLoginTC">
        <test-method is-config="true" signature="setup()[pri:0, instance:com.AmazonTestCases.AmazonLoginTC@5af3afd9]" started-at="2021-12-27T06:55:44 GMT" name="setup" finished-at="2021-12-27T06:55:49 GMT" duration-ms="4318" status="PASS">
          <reporter-output>
          </reporter-output>
        </test-method> <!-- setup -->
        <test-method signature="validLogin()[pri:1, instance:com.AmazonTestCases.AmazonLoginTC@5af3afd9]" started-at="2021-12-27T06:55:49 GMT" name="validLogin" finished-at="2021-12-27T06:55:55 GMT" duration-ms="6805" status="PASS">
          <reporter-output>
          </reporter-output>
        </test-method> <!-- validLogin -->
        <test-method signature="getAllLinks()[pri:2, instance:com.AmazonTestCases.AmazonLoginTC@5af3afd9]" started-at="2021-12-27T06:55:55 GMT" name="getAllLinks" finished-at="2021-12-27T06:55:59 GMT" duration-ms="3973" status="PASS">
          <reporter-output>
          </reporter-output>
        </test-method> <!-- getAllLinks -->
        <test-method signature="logOut()[pri:2, instance:com.AmazonTestCases.AmazonLoginTC@5af3afd9]" started-at="2021-12-27T06:55:59 GMT" name="logOut" finished-at="2021-12-27T06:56:01 GMT" duration-ms="1556" status="PASS">
          <reporter-output>
          </reporter-output>
        </test-method> <!-- logOut -->
        <test-method is-config="true" signature="tearDown()[pri:0, instance:com.AmazonTestCases.AmazonLoginTC@5af3afd9]" started-at="2021-12-27T06:56:01 GMT" name="tearDown" finished-at="2021-12-27T06:56:01 GMT" duration-ms="489" status="PASS">
          <reporter-output>
          </reporter-output>
        </test-method> <!-- tearDown -->
      </class> <!-- com.AmazonTestCases.AmazonLoginTC -->
    </test> <!-- Test1 -->
    <test started-at="2021-12-27T06:56:02 GMT" name="Test2" finished-at="2021-12-27T06:56:17 GMT" duration-ms="14651">
      <class name="com.AmazonTestCases.AccountCreationTC">
        <test-method is-config="true" signature="setup()[pri:0, instance:com.AmazonTestCases.AccountCreationTC@6cf0e0ba]" started-at="2021-12-27T06:56:02 GMT" name="setup" finished-at="2021-12-27T06:56:05 GMT" duration-ms="2458" status="PASS">
          <reporter-output>
          </reporter-output>
        </test-method> <!-- setup -->
        <test-method signature="navigateToAccountFrm()[pri:0, instance:com.AmazonTestCases.AccountCreationTC@6cf0e0ba]" started-at="2021-12-27T06:56:05 GMT" name="navigateToAccountFrm" finished-at="2021-12-27T06:56:13 GMT" duration-ms="8352" status="PASS">
          <reporter-output>
          </reporter-output>
        </test-method> <!-- navigateToAccountFrm -->
        <test-method signature="validAccountcreationTC(java.lang.String,java.lang.String,java.lang.String,java.lang.String)[pri:0, instance:com.AmazonTestCases.AccountCreationTC@6cf0e0ba]" started-at="2021-12-27T06:56:14 GMT" name="validAccountcreationTC" data-provider="getTestData" finished-at="2021-12-27T06:56:16 GMT" duration-ms="1388" status="PASS">
          <params>
            <param index="0">
              <value>
                <![CDATA[kakfj]]>
              </value>
            </param>
            <param index="1">
              <value>
                <![CDATA[1234567890]]>
              </value>
            </param>
            <param index="2">
              <value>
                <![CDATA[abc@gmail.com]]>
              </value>
            </param>
            <param index="3">
              <value>
                <![CDATA[dkfkjsa]]>
              </value>
            </param>
          </params>
          <reporter-output>
          </reporter-output>
        </test-method> <!-- validAccountcreationTC -->
        <test-method signature="validAccountcreationTC(java.lang.String,java.lang.String,java.lang.String,java.lang.String)[pri:0, instance:com.AmazonTestCases.AccountCreationTC@6cf0e0ba]" started-at="2021-12-27T06:56:16 GMT" name="validAccountcreationTC" data-provider="getTestData" finished-at="2021-12-27T06:56:16 GMT" duration-ms="548" status="PASS">
          <params>
            <param index="0">
              <value>
                <![CDATA[sam]]>
              </value>
            </param>
            <param index="1">
              <value>
                <![CDATA[098765421]]>
              </value>
            </param>
            <param index="2">
              <value>
                <![CDATA[ksdf@g.com]]>
              </value>
            </param>
            <param index="3">
              <value>
                <![CDATA[jlkdsjfkl]]>
              </value>
            </param>
          </params>
          <reporter-output>
          </reporter-output>
        </test-method> <!-- validAccountcreationTC -->
        <test-method is-config="true" signature="tearDown()[pri:0, instance:com.AmazonTestCases.AccountCreationTC@6cf0e0ba]" started-at="2021-12-27T06:56:16 GMT" name="tearDown" finished-at="2021-12-27T06:56:17 GMT" duration-ms="700" status="PASS">
          <reporter-output>
          </reporter-output>
        </test-method> <!-- tearDown -->
      </class> <!-- com.AmazonTestCases.AccountCreationTC -->
    </test> <!-- Test2 -->
  </suite> <!-- Suite -->
</testng-results>
