<?xml version="1.0" encoding="UTF-8"?>
<testng-results ignored="0" total="1" passed="1" failed="0" skipped="0">
  <reporter-output>
  </reporter-output>
  <suite started-at="2022-01-06T14:04:51 GMT" name="Default suite" finished-at="2022-01-06T14:05:34 GMT" duration-ms="42769">
    <groups>
    </groups>
    <test started-at="2022-01-06T14:04:51 GMT" name="Default test" finished-at="2022-01-06T14:05:34 GMT" duration-ms="42769">
      <class name="com.AmazonTestCases.AddToCartTC">
        <test-method is-config="true" signature="setup()[pri:0, instance:com.AmazonTestCases.AddToCartTC@158da8e]" started-at="2022-01-06T14:04:51 GMT" name="setup" finished-at="2022-01-06T14:04:56 GMT" duration-ms="4436" status="PASS">
          <reporter-output>
          </reporter-output>
        </test-method> <!-- setup -->
        <test-method signature="addToCart()[pri:0, instance:com.AmazonTestCases.AddToCartTC@158da8e]" started-at="2022-01-06T14:04:56 GMT" name="addToCart" finished-at="2022-01-06T14:05:34 GMT" duration-ms="38228" status="PASS">
          <reporter-output>
          </reporter-output>
        </test-method> <!-- addToCart -->
      </class> <!-- com.AmazonTestCases.AddToCartTC -->
    </test> <!-- Default test -->
  </suite> <!-- Default suite -->
</testng-results>
